2025-07-14 23:46:54,189 [INFO] Activator:176 - 


2025-07-14 23:46:54,189 [INFO] Activator:177 - !SESSION log4j initialized
2025-07-14 23:46:56,920 [INFO] LogOutputStream:77 - [STDOUT_REDIRECT] 
2025-07-14 23:47:03,840 [INFO] ApplicationProperties:184 - Using Application install path: C:\ST\STM32CubeIDE_1.18.1\STM32CubeIDE\plugins\com.st.stm32cube.common.mx_6.14.1.202504091515
2025-07-14 23:47:03,856 [INFO] DbMcusXml:78 - Set database path to: C:\ST\STM32CubeIDE_1.18.1\STM32CubeIDE\plugins\com.st.stm32cube.common.mx_6.14.1.202504091515\\db\/mcu/
2025-07-14 23:47:03,856 [INFO] ApiDb:274 - Set plugin database path to: C:\ST\STM32CubeIDE_1.18.1\STM32CubeIDE\plugins\com.st.stm32cube.common.mx_6.14.1.202504091515\\db\/plugins/boardmanager/
2025-07-14 23:47:03,856 [WARN] ApiDb:259 - Overriding images path with different value:  => C:\ST\STM32CubeIDE_1.18.1\STM32CubeIDE\plugins\com.st.stm32cube.common.mx_6.14.1.202504091515\\db\/plugins/mcufinder/images/
2025-07-14 23:47:03,872 [INFO] ApiDb:250 - Set database path to: C:\Users\ryanr\.stmcufinder\plugins\mcufinder//mcu/
2025-07-14 23:47:03,872 [INFO] DbMcusAds:125 - Set database path to: C:\Users\ryanr\.stmcufinder\plugins\mcufinder//mcu/
2025-07-14 23:47:03,872 [INFO] CrossReferenceDbSqlite:203 - Set database path to: C:\Users\ryanr\.stmcufinder\plugins\mcufinder//mcu/cs/
2025-07-14 23:47:04,134 [INFO] RulesReader:64 - Compatibility file has been processed (302 Rules)
2025-07-14 23:47:04,299 [INFO] DbMcusXml:78 - Set database path to: C:\ST\STM32CubeIDE_1.18.1\STM32CubeIDE\plugins\com.st.stm32cube.common.mx_6.14.1.202504091515\\db\/mcu/
2025-07-14 23:47:04,299 [INFO] ApiDb:274 - Set plugin database path to: C:\ST\STM32CubeIDE_1.18.1\STM32CubeIDE\plugins\com.st.stm32cube.common.mx_6.14.1.202504091515\\db\/plugins/boardmanager/
2025-07-14 23:47:04,301 [INFO] ApiDb:261 - Set plugin images path to: C:\ST\STM32CubeIDE_1.18.1\STM32CubeIDE\plugins\com.st.stm32cube.common.mx_6.14.1.202504091515\\db\/plugins/mcufinder/images/
2025-07-14 23:47:04,301 [WARN] DbFile:41 - Overriding database path with different value: C:\Users\ryanr\.stmcufinder\plugins\mcufinder/ => C:\Users\ryanr\.stmcufinder\plugins\mcufinder
2025-07-14 23:47:04,302 [INFO] ApiDb:250 - Set database path to: C:\Users\ryanr\.stmcufinder\plugins\mcufinder//mcu/
2025-07-14 23:47:04,302 [WARN] DbFile:41 - Overriding database path with different value: C:\Users\ryanr\.stmcufinder\plugins\mcufinder/ => C:\Users\ryanr\.stmcufinder\plugins\mcufinder
2025-07-14 23:47:04,302 [INFO] DbMcusAds:125 - Set database path to: C:\Users\ryanr\.stmcufinder\plugins\mcufinder//mcu/
2025-07-14 23:47:04,302 [WARN] DbFile:41 - Overriding database path with different value: C:\Users\ryanr\.stmcufinder\plugins\mcufinder/ => C:\Users\ryanr\.stmcufinder\plugins\mcufinder
2025-07-14 23:47:04,303 [WARN] DbFile:41 - Overriding database path with different value: C:\Users\ryanr\.stmcufinder\plugins\mcufinder/ => C:\Users\ryanr\.stmcufinder\plugins\mcufinder
2025-07-14 23:47:04,303 [INFO] CrossReferenceDbSqlite:203 - Set database path to: C:\Users\ryanr\.stmcufinder\plugins\mcufinder//mcu/cs/
2025-07-14 23:47:04,459 [INFO] MainPanel:272 - HeapMemory: 268435456
2025-07-14 23:47:04,606 [INFO] DbMcusXml:78 - Set database path to: C:\ST\STM32CubeIDE_1.18.1\STM32CubeIDE\plugins\com.st.stm32cube.common.mx_6.14.1.202504091515\\db\/mcu/
2025-07-14 23:47:04,607 [INFO] ApiDb:274 - Set plugin database path to: C:\ST\STM32CubeIDE_1.18.1\STM32CubeIDE\plugins\com.st.stm32cube.common.mx_6.14.1.202504091515\\db\/plugins/boardmanager/
2025-07-14 23:47:04,607 [INFO] ApiDb:261 - Set plugin images path to: C:\ST\STM32CubeIDE_1.18.1\STM32CubeIDE\plugins\com.st.stm32cube.common.mx_6.14.1.202504091515\\db\/plugins/mcufinder/images/
2025-07-14 23:47:04,608 [WARN] DbFile:41 - Overriding database path with different value: C:\Users\ryanr\.stmcufinder\plugins\mcufinder/ => C:\Users\ryanr\.stmcufinder\plugins\mcufinder
2025-07-14 23:47:04,608 [INFO] ApiDb:250 - Set database path to: C:\Users\ryanr\.stmcufinder\plugins\mcufinder//mcu/
2025-07-14 23:47:04,608 [WARN] DbFile:41 - Overriding database path with different value: C:\Users\ryanr\.stmcufinder\plugins\mcufinder/ => C:\Users\ryanr\.stmcufinder\plugins\mcufinder
2025-07-14 23:47:04,609 [INFO] DbMcusAds:125 - Set database path to: C:\Users\ryanr\.stmcufinder\plugins\mcufinder//mcu/
2025-07-14 23:47:04,609 [WARN] DbFile:41 - Overriding database path with different value: C:\Users\ryanr\.stmcufinder\plugins\mcufinder/ => C:\Users\ryanr\.stmcufinder\plugins\mcufinder
2025-07-14 23:47:04,609 [WARN] DbFile:41 - Overriding database path with different value: C:\Users\ryanr\.stmcufinder\plugins\mcufinder/ => C:\Users\ryanr\.stmcufinder\plugins\mcufinder
2025-07-14 23:47:04,610 [INFO] CrossReferenceDbSqlite:203 - Set database path to: C:\Users\ryanr\.stmcufinder\plugins\mcufinder//mcu/cs/
2025-07-14 23:47:04,661 [INFO] ApplicationProperties:184 - Using Application install path: C:\ST\STM32CubeIDE_1.18.1\STM32CubeIDE\plugins\com.st.stm32cube.common.mx_6.14.1.202504091515
2025-07-14 23:47:04,663 [INFO] PluginManage:196 - Search for loadable plugins [exclusion list=, ]
2025-07-14 23:47:04,665 [INFO] PluginManage:310 - Check plugin analytics
2025-07-14 23:47:10,037 [INFO] AnalyticsPlugin:253 - Accepted Software Licenses: 
2025-07-14 23:47:10,037 [INFO] AnalyticsPlugin:255 - Accepted CMSIS Pack Licenses: 
2025-07-14 23:47:10,037 [INFO] AnalyticsPlugin:257 - Accepted Firmware Licenses: 
2025-07-14 23:47:10,037 [INFO] PluginManage:359 - Loaded plugin analytics (category:tool,tabindex:-1)
2025-07-14 23:47:10,037 [INFO] PluginManage:310 - Check plugin cadmodel
2025-07-14 23:47:10,055 [INFO] CADModel:105 - Init CAD model plugin
2025-07-14 23:47:10,055 [INFO] PluginManage:359 - Loaded plugin cadmodel (category:power,tabindex:5)
2025-07-14 23:47:10,055 [INFO] PluginManage:310 - Check plugin clock
2025-07-14 23:47:10,069 [INFO] PluginManage:359 - Loaded plugin clock (category:base,tabindex:2)
2025-07-14 23:47:10,069 [INFO] PluginManage:310 - Check plugin ddr
2025-07-14 23:47:10,069 [INFO] PluginManage:359 - Loaded plugin ddr (category:tool,tabindex:6)
2025-07-14 23:47:10,069 [INFO] PluginManage:310 - Check plugin filemanager
2025-07-14 23:47:10,498 [INFO] PluginManage:359 - Loaded plugin filemanager (category:base,tabindex:10)
2025-07-14 23:47:10,499 [INFO] PluginManage:310 - Check plugin ipmanager
2025-07-14 23:47:10,512 [INFO] PluginManage:359 - Loaded plugin ipmanager (category:base,tabindex:5)
2025-07-14 23:47:10,512 [INFO] PluginManage:310 - Check plugin lpbam
2025-07-14 23:47:10,526 [INFO] PluginManage:359 - Loaded plugin lpbam (category:base,tabindex:0)
2025-07-14 23:47:10,526 [INFO] PluginManage:310 - Check plugin memorymap
2025-07-14 23:47:10,542 [INFO] PluginManage:359 - Loaded plugin memorymap (category:base,tabindex:4)
2025-07-14 23:47:10,542 [INFO] PluginManage:310 - Check plugin pinoutandconfiguration
2025-07-14 23:47:10,562 [INFO] PluginManage:359 - Loaded plugin pinoutandconfiguration (category:base,tabindex:1)
2025-07-14 23:47:10,562 [INFO] PluginManage:310 - Check plugin pinoutconfig
2025-07-14 23:47:10,705 [WARN] SupportedApi:132 - Cannot load RTOS API schema: s4s-elt-must-match.1: The content of 'definitions' must match (annotation?, (simpleType | complexType)?, (unique | key | keyref)*)). A problem was found starting at: attribute.
2025-07-14 23:47:11,043 [INFO] PluginManage:359 - Loaded plugin pinoutconfig (category:base,tabindex:0)
2025-07-14 23:47:11,043 [INFO] PluginManage:310 - Check plugin power
2025-07-14 23:47:11,067 [INFO] PluginManage:359 - Loaded plugin power (category:power,tabindex:4)
2025-07-14 23:47:11,068 [INFO] PluginManage:310 - Check plugin projectmanager
2025-07-14 23:47:11,096 [INFO] PluginManage:359 - Loaded plugin projectmanager (category:projectmanager,tabindex:4)
2025-07-14 23:47:11,096 [INFO] PluginManage:310 - Check plugin rif
2025-07-14 23:47:11,104 [INFO] PluginManage:359 - Loaded plugin rif (category:base,tabindex:3)
2025-07-14 23:47:11,104 [INFO] PluginManage:310 - Check plugin thirdparty
2025-07-14 23:47:11,359 [INFO] PluginManage:359 - Loaded plugin thirdparty (category:base,tabindex:-1)
2025-07-14 23:47:11,359 [INFO] PluginManage:310 - Check plugin tools
2025-07-14 23:47:11,359 [WARN] IntegrityCheckThread:84 - waiting for thirdparty lock release [integrity check]
2025-07-14 23:47:11,361 [INFO] IntegrityCheckThread:86 - entering critical section [integrity check]
2025-07-14 23:47:11,361 [INFO] ThirdPartyUpdaterWithRetryManager:70 - Updater plugin not ready yet. [1/15]
2025-07-14 23:47:11,365 [INFO] PluginManage:359 - Loaded plugin tools (category:base,tabindex:7)
2025-07-14 23:47:11,367 [INFO] PluginManage:310 - Check plugin tutovideos
2025-07-14 23:47:11,656 [INFO] PluginManage:359 - Loaded plugin tutovideos (category:base,tabindex:-1)
2025-07-14 23:47:11,656 [INFO] PluginManage:310 - Check plugin updater
2025-07-14 23:47:11,703 [INFO] PluginManage:359 - Loaded plugin updater (category:base,tabindex:12)
2025-07-14 23:47:11,703 [INFO] PluginManage:310 - Check plugin userauth
2025-07-14 23:47:11,710 [INFO] UserAuth:118 - Init User Auth plugin
2025-07-14 23:47:11,711 [INFO] PluginManage:359 - Loaded plugin userauth (category:base,tabindex:14)
2025-07-14 23:47:11,712 [INFO] PluginManage:283 - PluginManage : Loaded plugins [18]
2025-07-14 23:47:12,111 [INFO] PinOutPanel:1589 - setPackage(No Configuration,No Configuration)
2025-07-14 23:47:12,301 [INFO] CADModel:165 - CPN selected for project level
2025-07-14 23:47:12,316 [INFO] CADModel:114 - Register for checkConnection events
2025-07-14 23:47:12,348 [INFO] IPUIPlugin:80 - create IPUIPlugin
2025-07-14 23:47:12,348 [INFO] PluginManager:220 - loadIPPluginJar : add adc
2025-07-14 23:47:12,364 [INFO] IPUIPlugin:80 - create IPUIPlugin
2025-07-14 23:47:12,364 [INFO] PluginManager:220 - loadIPPluginJar : add aes
2025-07-14 23:47:12,364 [INFO] IPUIPlugin:80 - create IPUIPlugin
2025-07-14 23:47:12,364 [INFO] PluginManager:220 - loadIPPluginJar : add can
2025-07-14 23:47:12,364 [INFO] IPUIPlugin:80 - create IPUIPlugin
2025-07-14 23:47:12,364 [INFO] PluginManager:220 - loadIPPluginJar : add comp
2025-07-14 23:47:12,364 [INFO] IPUIPlugin:80 - create IPUIPlugin
2025-07-14 23:47:12,364 [INFO] PluginManager:220 - loadIPPluginJar : add cryp
2025-07-14 23:47:12,364 [INFO] IPUIPlugin:80 - create IPUIPlugin
2025-07-14 23:47:12,364 [INFO] PluginManager:220 - loadIPPluginJar : add ddr_ctrl_phy
2025-07-14 23:47:12,380 [INFO] IPUIPlugin:80 - create IPUIPlugin
2025-07-14 23:47:12,380 [INFO] PluginManager:220 - loadIPPluginJar : add dfsdm
2025-07-14 23:47:12,396 [INFO] IPUIPlugin:80 - create IPUIPlugin
2025-07-14 23:47:12,396 [INFO] PluginManager:220 - loadIPPluginJar : add dma
2025-07-14 23:47:12,412 [INFO] IPUIPlugin:80 - create IPUIPlugin
2025-07-14 23:47:12,412 [INFO] PluginManager:220 - loadIPPluginJar : add dma3
2025-07-14 23:47:12,412 [INFO] IPUIPlugin:80 - create IPUIPlugin
2025-07-14 23:47:12,412 [INFO] PluginManager:220 - loadIPPluginJar : add extmemmanager
2025-07-14 23:47:12,412 [INFO] IPUIPlugin:80 - create IPUIPlugin
2025-07-14 23:47:12,412 [INFO] PluginManager:220 - loadIPPluginJar : add fatfs
2025-07-14 23:47:12,428 [INFO] IPUIPlugin:80 - create IPUIPlugin
2025-07-14 23:47:12,428 [INFO] PluginManager:220 - loadIPPluginJar : add fmc
2025-07-14 23:47:12,460 [INFO] IPUIPlugin:80 - create IPUIPlugin
2025-07-14 23:47:12,460 [INFO] PluginManager:220 - loadIPPluginJar : add freertos
2025-07-14 23:47:12,460 [INFO] IPUIPlugin:80 - create IPUIPlugin
2025-07-14 23:47:12,460 [INFO] PluginManager:220 - loadIPPluginJar : add genericplugin
2025-07-14 23:47:12,460 [INFO] IPUIPlugin:80 - create IPUIPlugin
2025-07-14 23:47:12,460 [INFO] PluginManager:220 - loadIPPluginJar : add gfxmmu
2025-07-14 23:47:12,475 [INFO] IPUIPlugin:80 - create IPUIPlugin
2025-07-14 23:47:12,475 [INFO] PluginManager:220 - loadIPPluginJar : add gic
2025-07-14 23:47:12,475 [INFO] IPUIPlugin:80 - create IPUIPlugin
2025-07-14 23:47:12,475 [INFO] PluginManager:220 - loadIPPluginJar : add gpio
2025-07-14 23:47:12,491 [INFO] IPUIPlugin:80 - create IPUIPlugin
2025-07-14 23:47:12,491 [INFO] PluginManager:220 - loadIPPluginJar : add gtzc
2025-07-14 23:47:12,507 [INFO] IPUIPlugin:80 - create IPUIPlugin
2025-07-14 23:47:12,507 [INFO] PluginManager:220 - loadIPPluginJar : add hash
2025-07-14 23:47:12,507 [INFO] IPUIPlugin:80 - create IPUIPlugin
2025-07-14 23:47:12,507 [INFO] PluginManager:220 - loadIPPluginJar : add i2c
2025-07-14 23:47:12,507 [INFO] IPUIPlugin:80 - create IPUIPlugin
2025-07-14 23:47:12,507 [INFO] PluginManager:220 - loadIPPluginJar : add i2s
2025-07-14 23:47:12,507 [INFO] IPUIPlugin:80 - create IPUIPlugin
2025-07-14 23:47:12,507 [INFO] PluginManager:220 - loadIPPluginJar : add i3c
2025-07-14 23:47:12,523 [INFO] IPUIPlugin:80 - create IPUIPlugin
2025-07-14 23:47:12,523 [INFO] PluginManager:220 - loadIPPluginJar : add ipddr
2025-07-14 23:47:12,523 [INFO] IPUIPlugin:80 - create IPUIPlugin
2025-07-14 23:47:12,523 [INFO] PluginManager:220 - loadIPPluginJar : add linkedlist
2025-07-14 23:47:12,555 [INFO] IPUIPlugin:80 - create IPUIPlugin
2025-07-14 23:47:12,555 [INFO] PluginManager:220 - loadIPPluginJar : add lorawan
2025-07-14 23:47:12,555 [INFO] IPUIPlugin:80 - create IPUIPlugin
2025-07-14 23:47:12,555 [INFO] PluginManager:220 - loadIPPluginJar : add ltdc
2025-07-14 23:47:12,555 [INFO] IPUIPlugin:80 - create IPUIPlugin
2025-07-14 23:47:12,555 [INFO] PluginManager:220 - loadIPPluginJar : add mdma
2025-07-14 23:47:12,587 [INFO] IPUIPlugin:80 - create IPUIPlugin
2025-07-14 23:47:12,587 [INFO] PluginManager:220 - loadIPPluginJar : add nvic
2025-07-14 23:47:12,587 [INFO] IPUIPlugin:80 - create IPUIPlugin
2025-07-14 23:47:12,587 [INFO] PluginManager:220 - loadIPPluginJar : add opamp
2025-07-14 23:47:12,587 [INFO] IPUIPlugin:80 - create IPUIPlugin
2025-07-14 23:47:12,587 [INFO] PluginManager:220 - loadIPPluginJar : add openamp
2025-07-14 23:47:12,587 [INFO] IPUIPlugin:80 - create IPUIPlugin
2025-07-14 23:47:12,587 [INFO] PluginManager:220 - loadIPPluginJar : add pdm2pcm
2025-07-14 23:47:12,603 [INFO] IPUIPlugin:80 - create IPUIPlugin
2025-07-14 23:47:12,603 [INFO] PluginManager:220 - loadIPPluginJar : add plateformsettings
2025-07-14 23:47:12,619 [INFO] IPUIPlugin:80 - create IPUIPlugin
2025-07-14 23:47:12,619 [INFO] PluginManager:220 - loadIPPluginJar : add quadspi
2025-07-14 23:47:12,619 [INFO] IPUIPlugin:80 - create IPUIPlugin
2025-07-14 23:47:12,619 [INFO] PluginManager:220 - loadIPPluginJar : add radio
2025-07-14 23:47:12,635 [INFO] IPUIPlugin:80 - create IPUIPlugin
2025-07-14 23:47:12,635 [INFO] PluginManager:220 - loadIPPluginJar : add resmgrutility
2025-07-14 23:47:12,651 [INFO] IPUIPlugin:80 - create IPUIPlugin
2025-07-14 23:47:12,651 [INFO] PluginManager:220 - loadIPPluginJar : add sai
2025-07-14 23:47:12,651 [INFO] IPUIPlugin:80 - create IPUIPlugin
2025-07-14 23:47:12,651 [INFO] PluginManager:220 - loadIPPluginJar : add spi
2025-07-14 23:47:12,651 [INFO] IPUIPlugin:80 - create IPUIPlugin
2025-07-14 23:47:12,651 [INFO] PluginManager:220 - loadIPPluginJar : add stm32_wpan
2025-07-14 23:47:12,667 [INFO] IPUIPlugin:80 - create IPUIPlugin
2025-07-14 23:47:12,667 [INFO] PluginManager:220 - loadIPPluginJar : add tim
2025-07-14 23:47:12,667 [INFO] IPUIPlugin:80 - create IPUIPlugin
2025-07-14 23:47:12,667 [INFO] PluginManager:220 - loadIPPluginJar : add touchsensing
2025-07-14 23:47:12,667 [INFO] IPUIPlugin:80 - create IPUIPlugin
2025-07-14 23:47:12,667 [INFO] PluginManager:220 - loadIPPluginJar : add tracer_emb
2025-07-14 23:47:12,684 [INFO] IPUIPlugin:80 - create IPUIPlugin
2025-07-14 23:47:12,684 [INFO] PluginManager:220 - loadIPPluginJar : add ts
2025-07-14 23:47:12,685 [INFO] IPUIPlugin:80 - create IPUIPlugin
2025-07-14 23:47:12,685 [INFO] PluginManager:220 - loadIPPluginJar : add tsc
2025-07-14 23:47:12,691 [INFO] IPUIPlugin:80 - create IPUIPlugin
2025-07-14 23:47:12,691 [INFO] PluginManager:220 - loadIPPluginJar : add ucpd
2025-07-14 23:47:12,703 [INFO] IPUIPlugin:80 - create IPUIPlugin
2025-07-14 23:47:12,703 [INFO] PluginManager:220 - loadIPPluginJar : add usart
2025-07-14 23:47:12,721 [INFO] IPUIPlugin:80 - create IPUIPlugin
2025-07-14 23:47:12,722 [INFO] PluginManager:220 - loadIPPluginJar : add usbx
2025-07-14 23:47:12,973 [FATAL] Updater:351 - Updater called before beeing initialized
2025-07-14 23:47:13,036 [INFO] RulesReader:64 - Compatibility file has been processed (302 Rules)
2025-07-14 23:47:13,148 [INFO] RulesReader:64 - Compatibility file has been processed (302 Rules)
2025-07-14 23:47:13,228 [INFO] CADModel:165 - CPN selected for project level
2025-07-14 23:47:13,228 [INFO] CADModel:114 - Register for checkConnection events
2025-07-14 23:47:13,228 [FATAL] Updater:351 - Updater called before beeing initialized
2025-07-14 23:47:13,232 [ERROR] CADModel:125 - Updater not yet initialized, retry later 
2025-07-14 23:47:13,582 [FATAL] Updater:351 - Updater called before beeing initialized
2025-07-14 23:47:13,582 [INFO] CADModel:165 - CPN selected for project level
2025-07-14 23:47:13,582 [INFO] CADModel:114 - Register for checkConnection events
2025-07-14 23:47:13,582 [FATAL] Updater:351 - Updater called before beeing initialized
2025-07-14 23:47:13,582 [ERROR] CADModel:125 - Updater not yet initialized, retry later 
2025-07-14 23:47:13,582 [FATAL] Updater:351 - Updater called before beeing initialized
2025-07-14 23:47:13,901 [FATAL] Updater:351 - Updater called before beeing initialized
2025-07-14 23:47:13,917 [INFO] DbMcusAds:53 - JSON generation date=Wed May 07 06:07:55 BRT 2025 (1746608875484)
2025-07-14 23:47:13,917 [FATAL] Updater:351 - Updater called before beeing initialized
2025-07-14 23:47:13,966 [WARN] DetailPanel:346 - Failed to get advertising image, set to default
2025-07-14 23:47:14,366 [INFO] ThirdPartyUpdaterWithRetryManager:70 - Updater plugin not ready yet. [2/15]
2025-07-14 23:47:14,414 [FATAL] Updater:351 - Updater called before beeing initialized
2025-07-14 23:47:14,430 [FATAL] Updater:351 - Updater called before beeing initialized
2025-07-14 23:47:14,430 [FATAL] Updater:351 - Updater called before beeing initialized
2025-07-14 23:47:14,430 [WARN] DetailPanel:346 - Failed to get advertising image, set to default
2025-07-14 23:47:14,430 [FATAL] Updater:351 - Updater called before beeing initialized
2025-07-14 23:47:14,541 [ERROR] Updater:1198 - MainUpdater not yet initialized. External WinMGr cannot be set.
2025-07-14 23:47:14,541 [INFO] Updater:1134 - Updater Version found : 6.14.1
2025-07-14 23:47:14,557 [INFO] ApplicationProperties:184 - Using Application install path: C:\ST\STM32CubeIDE_1.18.1\STM32CubeIDE\plugins\com.st.stm32cube.common.mx_6.14.1.202504091515
2025-07-14 23:47:16,194 [ERROR] LogOutputStream:75 - [STDERR_REDIRECT] Jul 14, 2025 11:47:16 PM java.util.prefs.WindowsPreferences <init>
2025-07-14 23:47:16,194 [ERROR] LogOutputStream:75 - [STDERR_REDIRECT] WARNING: Could not open/create prefs root node Software\JavaSoft\Prefs at root 0xffffffff80000002. Windows RegCreateKeyEx(...) returned error code 5.
2025-07-14 23:47:16,194 [ERROR] LogOutputStream:75 - [STDERR_REDIRECT] 
2025-07-14 23:47:16,799 [INFO] MainUpdater:2872 - connection check result : 10
2025-07-14 23:47:16,799 [INFO] MainUpdater:289 - Updater Check For Update Now.
2025-07-14 23:47:16,799 [INFO] MicroXplorer:498 - Change Database Version : DB.6.0.141
2025-07-14 23:47:16,847 [INFO] McuFinderGlobals:63 - Set McuFinder mode to 2 (CubeIDE integrated)
2025-07-14 23:47:16,847 [INFO] UserAuth:171 - activating auth plugin
2025-07-14 23:47:16,879 [INFO] UserAuth:484 - Internet connection configuration mode: 1
2025-07-14 23:47:16,966 [INFO] JxBrowserEngine:152 - Initiate JxBrowser Engine with user profile folder
2025-07-14 23:47:17,307 [INFO] CheckServerUpdateThread:120 - End of CheckServer Thread
2025-07-14 23:47:17,797 [WARN] PackLoader:240 - Cannot read IP mode file for STMicroelectronics.FP-SNS-MOTENVWB1.1.4.0
2025-07-14 23:47:17,825 [WARN] PackLoader:240 - Cannot read IP mode file for STMicroelectronics.FP-ATR-ASTRA1.2.0.2
2025-07-14 23:47:17,839 [WARN] PackLoader:240 - Cannot read IP mode file for STMicroelectronics.X-CUBE-SMBUS.2.1.0
2025-07-14 23:47:17,877 [WARN] PackLoader:240 - Cannot read IP mode file for STMicroelectronics.X-CUBE-ST60.1.0.0
2025-07-14 23:47:18,017 [WARN] PackLoader:240 - Cannot read IP mode file for STMicroelectronics.X-CUBE-AZRTOS-F7.1.1.0
2025-07-14 23:47:18,145 [WARN] PackLoader:240 - Cannot read IP mode file for Infineon.AIROC-Wi-Fi-Bluetooth-STM32.1.7.0
2025-07-14 23:47:18,222 [WARN] PackLoader:240 - Cannot read IP mode file for STMicroelectronics.X-CUBE-AZRTOS-H7.3.4.0
2025-07-14 23:47:18,336 [WARN] PackLoader:240 - Cannot read IP mode file for STMicroelectronics.X-CUBE-DISPLAY.3.0.0
2025-07-14 23:47:18,397 [WARN] PackLoader:240 - Cannot read IP mode file for STMicroelectronics.X-CUBE-NFC10.1.0.0
2025-07-14 23:47:18,456 [WARN] PackLoader:240 - Cannot read IP mode file for STMicroelectronics.X-CUBE-BLEMGR.4.0.0
2025-07-14 23:47:18,484 [WARN] PackLoader:240 - Cannot read IP mode file for emotas.I-CUBE-CANOPEN.1.3.0
2025-07-14 23:47:18,488 [WARN] ConditionMgr:438 - getConditionDescription Invalid condition id : Cortex-A Device cause : null
2025-07-14 23:47:18,533 [WARN] ConditionMgr:1044 - genDependencies : Invalid condition id : Cortex-A Device cause : null
2025-07-14 23:47:18,533 [WARN] ConditionMgr:1044 - genDependencies : Invalid condition id : Cortex-A Device cause : null
2025-07-14 23:47:18,534 [WARN] ConditionMgr:1044 - genDependencies : Invalid condition id : Cortex-A Device cause : null
2025-07-14 23:47:18,543 [WARN] PackLoader:240 - Cannot read IP mode file for STMicroelectronics.X-CUBE-AI.10.0.0
2025-07-14 23:47:18,550 [WARN] PackLoader:240 - Cannot read IP mode file for STMicroelectronics.FP-SNS-SMARTAG2.1.2.0
2025-07-14 23:47:18,562 [WARN] PackLoader:240 - Cannot read IP mode file for STMicroelectronics.FP-SNS-FLIGHT1.5.1.0
2025-07-14 23:47:18,583 [INFO] LogOutputStream:77 - [STDOUT_REDIRECT] 1 : Invalid condition id : UX_CORESTACK_Condition cause : null
2025-07-14 23:47:18,588 [INFO] LogOutputStream:77 - [STDOUT_REDIRECT] 1 : Invalid condition id : UX_CORESTACK_Condition cause : null
2025-07-14 23:47:18,593 [INFO] LogOutputStream:77 - [STDOUT_REDIRECT] 1 : Invalid condition id : UX_CORESTACK_Condition cause : null
2025-07-14 23:47:18,595 [INFO] LogOutputStream:77 - [STDOUT_REDIRECT] 1 : Invalid condition id : UX_CORESTACK_Condition cause : null
2025-07-14 23:47:18,608 [INFO] LogOutputStream:77 - [STDOUT_REDIRECT] 1 : Invalid condition id : UX_CORESTACK_Condition cause : null
2025-07-14 23:47:18,612 [WARN] PackLoader:240 - Cannot read IP mode file for STMicroelectronics.X-CUBE-AZRTOS-WL.2.0.0
2025-07-14 23:47:18,623 [WARN] PackLoader:240 - Cannot read IP mode file for STMicroelectronics.FP-SNS-MOTENV1.5.0.0
2025-07-14 23:47:18,647 [WARN] PackLoader:240 - Cannot read IP mode file for WES.I-CUBE-Cesium.1.3.0
2025-07-14 23:47:18,667 [WARN] PackLoader:240 - Cannot read IP mode file for STMicroelectronics.X-CUBE-BLE2.3.3.0
2025-07-14 23:47:18,687 [WARN] PackLoader:240 - Cannot read IP mode file for STMicroelectronics.X-CUBE-NFC9.1.0.0
2025-07-14 23:47:18,703 [WARN] PackLoader:240 - Cannot read IP mode file for wolfSSL.I-CUBE-wolfSSL.5.8.0
2025-07-14 23:47:18,705 [WARN] PackLoader:240 - Cannot read IP mode file for STMicroelectronics.X-CUBE-BLE1.7.1.0
2025-07-14 23:47:18,721 [WARN] PackLoader:240 - Cannot read IP mode file for wolfSSL.I-CUBE-wolfMQTT.1.19.2
2025-07-14 23:47:18,745 [WARN] PackLoader:240 - Cannot read IP mode file for STMicroelectronics.X-CUBE-EEPRMA1.5.2.0
2025-07-14 23:47:18,759 [WARN] PackLoader:240 - Cannot read IP mode file for STMicroelectronics.X-CUBE-AI.10.1.0
2025-07-14 23:47:18,833 [INFO] WebApp:169 - Instantiating new browser for Auth
2025-07-14 23:47:18,941 [WARN] PackLoader:240 - Cannot read IP mode file for STMicroelectronics.X-CUBE-MEMS1.11.2.0
2025-07-14 23:47:19,350 [WARN] PackLoader:240 - Cannot read IP mode file for STMicroelectronics.X-CUBE-AZRTOS-G0.1.1.0
2025-07-14 23:47:19,366 [WARN] PackLoader:240 - Cannot read IP mode file for STMicroelectronics.X-CUBE-SAFEA1.1.2.2
2025-07-14 23:47:19,387 [WARN] PackLoader:240 - Cannot read IP mode file for STMicroelectronics.X-CUBE-NFC4.3.0.0
2025-07-14 23:47:19,421 [WARN] PackLoader:240 - Cannot read IP mode file for EmbeddedOffice.I-CUBE-FS-RTOS.1.0.1
2025-07-14 23:47:19,432 [WARN] PackLoader:240 - Cannot read IP mode file for STMicroelectronics.X-CUBE-WB05N.2.0.0
2025-07-14 23:47:19,438 [WARN] PackLoader:240 - Cannot read IP mode file for wolfSSL.I-CUBE-wolfTPM.3.8.0
2025-07-14 23:47:19,470 [WARN] PackLoader:240 - Cannot read IP mode file for STMicroelectronics.X-CUBE-TCPP.4.2.0
2025-07-14 23:47:19,486 [WARN] PackLoader:240 - Cannot read IP mode file for RealThread.X-CUBE-RT-Thread_Nano.4.1.1
2025-07-14 23:47:19,502 [WARN] PackLoader:240 - Cannot read IP mode file for STMicroelectronics.FP-ATR-SIGFOX1.3.2.0
2025-07-14 23:47:19,518 [WARN] PackLoader:240 - Cannot read IP mode file for STMicroelectronics.X-CUBE-EEPRMA1.5.1.0
2025-07-14 23:47:19,534 [WARN] PackLoader:240 - Cannot read IP mode file for ITTIA_DB.I-CUBE-ITTIADB.8.9.0
2025-07-14 23:47:19,550 [WARN] PackLoader:240 - Cannot read IP mode file for STMicroelectronics.X-CUBE-ST67W61.1.0.0
2025-07-14 23:47:19,662 [WARN] PackLoader:240 - Cannot read IP mode file for SEGGER.I-CUBE-embOS.1.3.1
2025-07-14 23:47:19,908 [WARN] PackLoader:240 - Cannot read IP mode file for STMicroelectronics.X-CUBE-ALGOBUILD.1.4.0
2025-07-14 23:47:20,003 [WARN] PackLoader:240 - Cannot read IP mode file for STMicroelectronics.X-CUBE-MEMS1.11.3.0
2025-07-14 23:47:20,221 [WARN] PackLoader:240 - Cannot read IP mode file for STMicroelectronics.X-CUBE-PM33A1.1.0.0
2025-07-14 23:47:20,305 [WARN] PackLoader:240 - Cannot read IP mode file for STMicroelectronics.X-CUBE-AZRTOS-F4.1.1.0
2025-07-14 23:47:20,332 [WARN] PackLoader:240 - Cannot read IP mode file for Avnet-IotConnect.X-CUBE-IoTC-DA16k-PMOD.1.0.0
2025-07-14 23:47:20,339 [WARN] PackLoader:240 - Cannot read IP mode file for STMicroelectronics.X-CUBE-ISPU.2.1.0
2025-07-14 23:47:20,347 [WARN] PackLoader:240 - Cannot read IP mode file for STMicroelectronics.X-CUBE-NFC12.1.0.0
2025-07-14 23:47:20,388 [WARN] PackLoader:240 - Cannot read IP mode file for STMicroelectronics.X-CUBE-AZRTOS-L5.2.0.0
2025-07-14 23:47:20,420 [WARN] PackLoader:240 - Cannot read IP mode file for STMicroelectronics.X-CUBE-NFC6.3.1.0
2025-07-14 23:47:20,436 [WARN] PackLoader:240 - Cannot read IP mode file for STMicroelectronics.X-CUBE-FREERTOS.1.3.1
2025-07-14 23:47:20,453 [WARN] PackLoader:240 - Cannot read IP mode file for STMicroelectronics.FP-SNS-STAIOTCFT.1.0.0
2025-07-14 23:47:20,479 [WARN] PackLoader:240 - Cannot read IP mode file for STMicroelectronics.X-CUBE-DPower.1.3.0
2025-07-14 23:47:20,546 [WARN] ConditionMgr:438 - getConditionDescription Invalid condition id : LAN8742 Phy interface Condition cause : null
2025-07-14 23:47:20,548 [WARN] PackLoader:240 - Cannot read IP mode file for STMicroelectronics.X-CUBE-AZRTOS-L4.2.0.0
2025-07-14 23:47:20,555 [WARN] ConditionMgr:1044 - genDependencies : Invalid condition id : LAN8742 Phy interface Condition cause : null
2025-07-14 23:47:20,555 [WARN] ConditionMgr:1044 - genDependencies : Invalid condition id : LAN8742 Phy interface Condition cause : null
2025-07-14 23:47:20,556 [WARN] ConditionMgr:1044 - genDependencies : Invalid condition id : LAN8742 Phy interface Condition cause : null
2025-07-14 23:47:20,589 [WARN] PackLoader:240 - Cannot read IP mode file for STMicroelectronics.X-CUBE-SFXS2LP1.4.0.0
2025-07-14 23:47:20,665 [WARN] PackLoader:240 - Cannot read IP mode file for STMicroelectronics.X-CUBE-AZRTOS-H7.3.3.0
2025-07-14 23:47:20,704 [WARN] ConditionMgr:438 - getConditionDescription Invalid condition id : UX DEVICE CLASS RTOS Condition cause : null
2025-07-14 23:47:20,704 [WARN] ConditionMgr:438 - getConditionDescription Invalid condition id : UX DEVICE CLASS RTOS Condition cause : null
2025-07-14 23:47:20,706 [WARN] PackLoader:240 - Cannot read IP mode file for STMicroelectronics.X-CUBE-AZRTOS-WB.2.0.0
2025-07-14 23:47:20,711 [WARN] ConditionMgr:1044 - genDependencies : Invalid condition id : UX DEVICE CLASS RTOS Condition cause : null
2025-07-14 23:47:20,711 [WARN] ConditionMgr:1044 - genDependencies : Invalid condition id : UX DEVICE CLASS RTOS Condition cause : null
2025-07-14 23:47:20,712 [WARN] ConditionMgr:1044 - genDependencies : Invalid condition id : UX DEVICE CLASS RTOS Condition cause : null
2025-07-14 23:47:20,712 [WARN] ConditionMgr:1044 - genDependencies : Invalid condition id : UX DEVICE CLASS RTOS Condition cause : null
2025-07-14 23:47:20,712 [WARN] ConditionMgr:1044 - genDependencies : Invalid condition id : UX DEVICE CLASS RTOS Condition cause : null
2025-07-14 23:47:20,729 [WARN] PackLoader:240 - Cannot read IP mode file for STMicroelectronics.X-CUBE-GNSS1.7.0.1
2025-07-14 23:47:20,759 [WARN] PackLoader:240 - Cannot read IP mode file for STMicroelectronics.X-CUBE-TOUCHGFX.4.25.0
2025-07-14 23:47:20,773 [WARN] PackLoader:240 - Cannot read IP mode file for STMicroelectronics.FP-SNS-STBOX1.2.0.0
2025-07-14 23:47:20,839 [WARN] PackLoader:240 - Cannot read IP mode file for STMicroelectronics.X-CUBE-SUBG2.5.0.0
2025-07-14 23:47:20,899 [WARN] PackLoader:240 - Cannot read IP mode file for STMicroelectronics.X-CUBE-AZRTOS-H7RS.1.1.0
2025-07-14 23:47:20,931 [WARN] PackLoader:240 - Cannot read IP mode file for Cesanta.I-CUBE-Mongoose.7.13.0
2025-07-14 23:47:20,954 [WARN] PackLoader:240 - Cannot read IP mode file for STMicroelectronics.X-CUBE-AZRTOS-G4.2.0.0
2025-07-14 23:47:20,965 [WARN] PackLoader:240 - Cannot read IP mode file for wolfSSL.I-CUBE-wolfSSH.1.4.20
2025-07-14 23:47:20,976 [WARN] PackLoader:240 - Cannot read IP mode file for STMicroelectronics.X-CUBE-NFC7.2.0.0
2025-07-14 23:47:21,032 [WARN] PackLoader:240 - Cannot read IP mode file for STMicroelectronics.X-CUBE-IPS.3.1.0
2025-07-14 23:47:21,058 [WARN] PackLoader:240 - Cannot read IP mode file for STMicroelectronics.X-CUBE-ALS.1.0.2
2025-07-14 23:47:21,068 [WARN] PackLoader:240 - Cannot read IP mode file for portGmbH.I-Cube-SoM-uGOAL.1.1.0
2025-07-14 23:47:21,101 [WARN] PackLoader:240 - Cannot read IP mode file for STMicroelectronics.X-CUBE-TOF1.3.4.3
2025-07-14 23:47:21,137 [INFO] ThirdParty:978 - Integrity check success = true
2025-07-14 23:47:21,137 [INFO] IntegrityCheckThread:100 - exiting critical section [integrity check]
2025-07-14 23:47:21,137 [INFO] IntegrityCheckThread:103 - End integrity checks thread
2025-07-14 23:47:21,478 [INFO] WebApp:463 - Apply proxy settings
2025-07-14 23:47:21,478 [INFO] WebApp:548 - Chromium requires no authentication
2025-07-14 23:47:21,499 [INFO] WebApp:491 - Direct internet connection detected
2025-07-14 23:47:21,591 [INFO] WebApp:894 - Register for checkConnection events
2025-07-14 23:47:21,592 [INFO] WebApp:463 - Apply proxy settings
2025-07-14 23:47:21,592 [INFO] WebApp:548 - Chromium requires no authentication
2025-07-14 23:47:21,598 [INFO] WebApp:491 - Direct internet connection detected
2025-07-14 23:47:21,895 [INFO] WebApp:191 - Connection restablished
2025-07-14 23:47:21,908 [INFO] WebApp:225 - Starting web application
2025-07-14 23:47:21,908 [INFO] WebApp:593 - Web application path used C:\ST\STM32CubeIDE_1.18.1\STM32CubeIDE\plugins\com.st.stm32cube.common.mx_6.14.1.202504091515\db\plugins\mcufinder\reactClient1\index.html
2025-07-14 23:49:06,535 [ERROR] LogOutputStream:75 - [STDERR_REDIRECT] 
